<?xml version="1.0" encoding="UTF-8"?>
<!-- Generated by org.testng.reporters.JUnitReportReporter -->
<testsuite hostname="WKWZTOYQ7PXPCm9" failures="0" tests="5" name="epsilon.WebDriver.TestNGPractise" time="0.017" errors="0" timestamp="2023-09-06T12:38:14 IST" skipped="0">
  <testcase classname="epsilon.WebDriver.TestNGPractise" name="delete" time="0.010"/>
  <system-out/>
  <testcase classname="epsilon.WebDriver.TestNGPractise" name="update" time="0.002"/>
  <system-out/>
  <testcase classname="epsilon.WebDriver.TestNGPractise" name="createCustomer" time="0.002"/>
  <system-out/>
  <testcase classname="epsilon.WebDriver.TestNGPractise" name="createCustomer" time="0.001"/>
  <system-out/>
  <testcase classname="epsilon.WebDriver.TestNGPractise" name="createCustomer" time="0.002"/>
  <system-out/>
</testsuite> <!-- epsilon.WebDriver.TestNGPractise -->
