<?xml version="1.0" encoding="UTF-8"?>
<!-- Generated by org.testng.reporters.JUnitReportReporter -->
<testsuite hostname="WKWZTOYQ7PXPCm9" failures="0" tests="3" name="epsilon.WebDriver.DataProvider" time="52.607" errors="0" timestamp="2023-09-06T14:16:24 IST" skipped="0">
  <testcase classname="epsilon.WebDriver.DataProvider" name="sample" time="16.689"/>
  <testcase classname="epsilon.WebDriver.DataProvider" name="sample" time="18.937"/>
  <testcase classname="epsilon.WebDriver.DataProvider" name="sample" time="16.981"/>
</testsuite> <!-- epsilon.WebDriver.DataProvider -->
