<?xml version="1.0" encoding="UTF-8"?>
<!-- Generated by org.testng.reporters.JUnitReportReporter -->
<testsuite hostname="WKWZTOYQ7PXPCm9" failures="0" tests="1" name="epsilon.WebDriver.LoginToActTime" time="18.745" errors="0" timestamp="2023-09-06T13:07:56 IST" skipped="0">
  <testcase classname="epsilon.WebDriver.LoginToActTime" name="loginToApp" time="18.745"/>
  <system-out/>
</testsuite> <!-- epsilon.WebDriver.LoginToActTime -->
